<?xml version="1.0" encoding="UTF-8"?>
<!-- Generated by org.testng.reporters.JUnitReportReporter -->
<testsuite hostname="LAPTOP-D5NB554D" failures="0" tests="4" name="com.in.TestNgClass" time="0.019" errors="0" timestamp="2022-06-20T16:25:51 IST" skipped="1">
  <testcase classname="com.in.TestNgClass" name="m4" time="0.002"/>
  <system-out/>
  <testcase classname="com.in.TestNgClass" name="m1" time="0.015"/>
  <system-out/>
  <testcase classname="com.in.TestNgClass" name="m3" time="0.002"/>
  <system-out/>
  <testcase classname="com.in.TestNgClass" name="m2">
    <skipped/>
  </testcase> <!-- m2 -->
  <system-out/>
</testsuite> <!-- com.in.TestNgClass -->
